Using pre-set license
Built from '2020.2/release' branch; Version is '2020.2.1f1 (270dd8c3da1c) revision 2559448'; Using compiler version '192528614'; Build Type 'Release'
OS: 'Windows 10  (10.0.0) 64bit' Language: 'pt' Physical Memory: 16294 MB
BatchMode: 1, IsHumanControllingUs: 0, StartBugReporterOnCrash: 0, Is64bit: 1, IsPro: 0

 COMMAND LINE ARGUMENTS:
C:\Program Files\Unity\Hub\Editor\2020.2.1f1\Editor\Unity.exe
-adb2
-batchMode
-noUpm
-name
AssetImportWorker0
-projectPath
C:/Users/Gian/UnityDev/Risks Dungeon
-logFile
Logs/AssetImportWorker0.log
-srvPort
62809
Successfully changed project path to: C:/Users/Gian/UnityDev/Risks Dungeon
C:/Users/Gian/UnityDev/Risks Dungeon
Using Asset Import Pipeline V2.
Refreshing native plugins compatible for Editor in 205.41 ms, found 2 plugins.
Preloading 0 native plugins for Editor in 0.00 ms.
Initialize engine version: 2020.2.1f1 (270dd8c3da1c)
[Subsystems] Discovering subsystems at path C:/Program Files/Unity/Hub/Editor/2020.2.1f1/Editor/Data/Resources/UnitySubsystems
[Subsystems] Discovering subsystems at path C:/Users/Gian/UnityDev/Risks Dungeon/Assets
GfxDevice: creating device client; threaded=0
Direct3D:
    Version:  Direct3D 11.0 [level 11.0]
    Renderer: NVIDIA GeForce 920M (ID=0x1299)
    Vendor:   
    VRAM:     2009 MB
    Driver:   23.21.13.9125
Initialize mono
Mono path[0] = 'C:/Program Files/Unity/Hub/Editor/2020.2.1f1/Editor/Data/Managed'
Mono path[1] = 'C:/Program Files/Unity/Hub/Editor/2020.2.1f1/Editor/Data/MonoBleedingEdge/lib/mono/unityjit'
Mono config path = 'C:/Program Files/Unity/Hub/Editor/2020.2.1f1/Editor/Data/MonoBleedingEdge/etc'
Using monoOptions --debugger-agent=transport=dt_socket,embedding=1,server=y,suspend=n,address=127.0.0.1:56432
Begin MonoManager ReloadAssembly
Registering precompiled unity dll's ...
Register platform support module: C:/Program Files/Unity/Hub/Editor/2020.2.1f1/Editor/Data/PlaybackEngines/WebGLSupport/UnityEditor.WebGL.Extensions.dll
Register platform support module: C:/Program Files/Unity/Hub/Editor/2020.2.1f1/Editor/Data/PlaybackEngines/WindowsStandaloneSupport/UnityEditor.WindowsStandalone.Extensions.dll
Register platform support module: C:/Program Files/Unity/Hub/Editor/2020.2.1f1/Editor/Data/PlaybackEngines/LinuxStandaloneSupport/UnityEditor.LinuxStandalone.Extensions.dll
Registered in 0.012397 seconds.
Native extension for LinuxStandalone target not found
Native extension for WindowsStandalone target not found
Native extension for WebGL target not found
Refreshing native plugins compatible for Editor in 180.24 ms, found 2 plugins.
Preloading 0 native plugins for Editor in 0.00 ms.
Invoked RoslynAnalysisRunner static constructor.
RoslynAnalysisRunner will not be running.
RoslynAnalysisRunner has terminated.
Mono: successfully reloaded assembly
- Completed reload, in  5.701 seconds
Platform modules already initialized, skipping
Registering precompiled user dll's ...
Registered in 0.009217 seconds.
Begin MonoManager ReloadAssembly
Native extension for LinuxStandalone target not found
Native extension for WindowsStandalone target not found
Native extension for WebGL target not found
Refreshing native plugins compatible for Editor in 104.45 ms, found 2 plugins.
Preloading 0 native plugins for Editor in 0.00 ms.
Invoked RoslynAnalysisRunner static constructor.
RoslynAnalysisRunner will not be running.
RoslynAnalysisRunner has terminated.
Mono: successfully reloaded assembly
- Completed reload, in  4.703 seconds
Platform modules already initialized, skipping
========================================================================
Worker process is ready to serve import requests
Launched and connected shader compiler UnityShaderCompiler.exe after 0.13 seconds
Refreshing native plugins compatible for Editor in 2.24 ms, found 2 plugins.
Preloading 0 native plugins for Editor in 0.00 ms.
Unloading 2121 Unused Serialized files (Serialized files now loaded: 0)
System memory in use before: 97.5 MB.
System memory in use after: 97.5 MB.

Unloading 37 unused Assets to reduce memory usage. Loaded Objects now: 2551.
Total: 9.380400 ms (FindLiveObjects: 1.676400 ms CreateObjectMapping: 0.545300 ms MarkObjects: 6.811400 ms  DeleteObjects: 0.343900 ms)

========================================================================
Received Import Request.
  path: Assets/Scenes/Identificação.unity
  artifactKey: Guid(3f04a86d82056fa4f96a5449e28dea43) Importer(815301076,1909f56bfc062723c751e8b465ee728b)
Start importing Assets/Scenes/Identificação.unity using Guid(3f04a86d82056fa4f96a5449e28dea43) Importer(815301076,1909f56bfc062723c751e8b465ee728b)  -> (artifact id: '941cac1424cca1ec97cdb5d61d129619') in 0.031328 seconds
  Import took 0.043298 seconds .

========================================================================
Received Prepare
Registering precompiled user dll's ...
Registered in 0.018664 seconds.
Begin MonoManager ReloadAssembly
Native extension for LinuxStandalone target not found
Native extension for WindowsStandalone target not found
Native extension for WebGL target not found
Refreshing native plugins compatible for Editor in 0.95 ms, found 2 plugins.
Preloading 0 native plugins for Editor in 0.00 ms.
Invoked RoslynAnalysisRunner static constructor.
RoslynAnalysisRunner will not be running.
RoslynAnalysisRunner has terminated.
Mono: successfully reloaded assembly
- Completed reload, in  3.915 seconds
Platform modules already initialized, skipping
Refreshing native plugins compatible for Editor in 0.91 ms, found 2 plugins.
Preloading 0 native plugins for Editor in 0.00 ms.
Unloading 2103 Unused Serialized files (Serialized files now loaded: 0)
System memory in use before: 96.7 MB.
System memory in use after: 96.7 MB.

Unloading 25 unused Assets to reduce memory usage. Loaded Objects now: 2554.
Total: 4.028000 ms (FindLiveObjects: 0.615000 ms CreateObjectMapping: 0.171600 ms MarkObjects: 3.073200 ms  DeleteObjects: 0.165500 ms)

========================================================================
Received Import Request.
  Time since last request: 941.762363 seconds.
  path: Assets/Scenes/Avaliação.unity
  artifactKey: Guid(bfc5f70b9697e7d44bebd2a662f8cf5b) Importer(815301076,1909f56bfc062723c751e8b465ee728b)
Start importing Assets/Scenes/Avaliação.unity using Guid(bfc5f70b9697e7d44bebd2a662f8cf5b) Importer(815301076,1909f56bfc062723c751e8b465ee728b)  -> (artifact id: 'b1e889b6e269eab722b5b46a0bad5fd5') in 0.056872 seconds
  Import took 0.068065 seconds .

========================================================================
Received Prepare
Registering precompiled user dll's ...
Registered in 0.020573 seconds.
Begin MonoManager ReloadAssembly
Native extension for LinuxStandalone target not found
Native extension for WindowsStandalone target not found
Native extension for WebGL target not found
Refreshing native plugins compatible for Editor in 1.82 ms, found 2 plugins.
Preloading 0 native plugins for Editor in 0.00 ms.
Invoked RoslynAnalysisRunner static constructor.
RoslynAnalysisRunner will not be running.
RoslynAnalysisRunner has terminated.
Mono: successfully reloaded assembly
- Completed reload, in  4.404 seconds
Platform modules already initialized, skipping
Refreshing native plugins compatible for Editor in 8.47 ms, found 2 plugins.
Preloading 0 native plugins for Editor in 0.00 ms.
Unloading 2103 Unused Serialized files (Serialized files now loaded: 0)
System memory in use before: 96.9 MB.
System memory in use after: 96.9 MB.

Unloading 25 unused Assets to reduce memory usage. Loaded Objects now: 2557.
Total: 9.434200 ms (FindLiveObjects: 0.644600 ms CreateObjectMapping: 0.702500 ms MarkObjects: 7.764300 ms  DeleteObjects: 0.319500 ms)

========================================================================
Received Prepare
Registering precompiled user dll's ...
Registered in 0.013372 seconds.
Begin MonoManager ReloadAssembly
Native extension for LinuxStandalone target not found
Native extension for WindowsStandalone target not found
Native extension for WebGL target not found
Refreshing native plugins compatible for Editor in 0.82 ms, found 2 plugins.
Preloading 0 native plugins for Editor in 0.00 ms.
Invoked RoslynAnalysisRunner static constructor.
RoslynAnalysisRunner will not be running.
RoslynAnalysisRunner has terminated.
Mono: successfully reloaded assembly
- Completed reload, in  5.819 seconds
Platform modules already initialized, skipping
Refreshing native plugins compatible for Editor in 1.35 ms, found 2 plugins.
Preloading 0 native plugins for Editor in 0.00 ms.
Unloading 2103 Unused Serialized files (Serialized files now loaded: 0)
System memory in use before: 97.1 MB.
System memory in use after: 97.1 MB.

Unloading 25 unused Assets to reduce memory usage. Loaded Objects now: 2560.
Total: 5.551200 ms (FindLiveObjects: 0.655100 ms CreateObjectMapping: 0.282500 ms MarkObjects: 4.386000 ms  DeleteObjects: 0.223200 ms)

========================================================================
Received Prepare
Registering precompiled user dll's ...
Registered in 0.034391 seconds.
Begin MonoManager ReloadAssembly
Native extension for LinuxStandalone target not found
Native extension for WindowsStandalone target not found
Native extension for WebGL target not found
Refreshing native plugins compatible for Editor in 0.77 ms, found 2 plugins.
Preloading 0 native plugins for Editor in 0.00 ms.
Invoked RoslynAnalysisRunner static constructor.
RoslynAnalysisRunner will not be running.
RoslynAnalysisRunner has terminated.
Mono: successfully reloaded assembly
- Completed reload, in  3.046 seconds
Platform modules already initialized, skipping
Refreshing native plugins compatible for Editor in 1.23 ms, found 2 plugins.
Preloading 0 native plugins for Editor in 0.00 ms.
Unloading 2103 Unused Serialized files (Serialized files now loaded: 0)
System memory in use before: 97.3 MB.
System memory in use after: 97.3 MB.

Unloading 25 unused Assets to reduce memory usage. Loaded Objects now: 2563.
Total: 4.877200 ms (FindLiveObjects: 0.481800 ms CreateObjectMapping: 1.004000 ms MarkObjects: 3.214500 ms  DeleteObjects: 0.174100 ms)

========================================================================
Received Prepare
Registering precompiled user dll's ...
Registered in 0.016008 seconds.
Begin MonoManager ReloadAssembly
Native extension for LinuxStandalone target not found
Native extension for WindowsStandalone target not found
Native extension for WebGL target not found
Refreshing native plugins compatible for Editor in 1.62 ms, found 2 plugins.
Preloading 0 native plugins for Editor in 0.00 ms.
Invoked RoslynAnalysisRunner static constructor.
RoslynAnalysisRunner will not be running.
RoslynAnalysisRunner has terminated.
Mono: successfully reloaded assembly
- Completed reload, in  4.903 seconds
Platform modules already initialized, skipping
Refreshing native plugins compatible for Editor in 1.33 ms, found 2 plugins.
Preloading 0 native plugins for Editor in 0.00 ms.
Unloading 2103 Unused Serialized files (Serialized files now loaded: 0)
System memory in use before: 97.4 MB.
System memory in use after: 97.4 MB.

Unloading 25 unused Assets to reduce memory usage. Loaded Objects now: 2566.
Total: 6.655600 ms (FindLiveObjects: 0.433900 ms CreateObjectMapping: 0.214800 ms MarkObjects: 5.739900 ms  DeleteObjects: 0.262500 ms)

========================================================================
Received Prepare
Registering precompiled user dll's ...
Registered in 0.015662 seconds.
Begin MonoManager ReloadAssembly
Native extension for LinuxStandalone target not found
Native extension for WindowsStandalone target not found
Native extension for WebGL target not found
Refreshing native plugins compatible for Editor in 1.15 ms, found 2 plugins.
Preloading 0 native plugins for Editor in 0.00 ms.
Invoked RoslynAnalysisRunner static constructor.
RoslynAnalysisRunner will not be running.
RoslynAnalysisRunner has terminated.
Mono: successfully reloaded assembly
- Completed reload, in  3.177 seconds
Platform modules already initialized, skipping
Refreshing native plugins compatible for Editor in 1.14 ms, found 2 plugins.
Preloading 0 native plugins for Editor in 0.00 ms.
Unloading 2103 Unused Serialized files (Serialized files now loaded: 0)
System memory in use before: 97.5 MB.
System memory in use after: 97.5 MB.

Unloading 25 unused Assets to reduce memory usage. Loaded Objects now: 2569.
Total: 4.592200 ms (FindLiveObjects: 0.436400 ms CreateObjectMapping: 0.133100 ms MarkObjects: 3.804200 ms  DeleteObjects: 0.152600 ms)

========================================================================
Received Import Request.
  Time since last request: 5009.114248 seconds.
  path: Assets/Scenes/Identificação.unity
  artifactKey: Guid(3f04a86d82056fa4f96a5449e28dea43) Importer(815301076,1909f56bfc062723c751e8b465ee728b)
Start importing Assets/Scenes/Identificação.unity using Guid(3f04a86d82056fa4f96a5449e28dea43) Importer(815301076,1909f56bfc062723c751e8b465ee728b)  -> (artifact id: '1536dc40068a503c3cedbd6ec09c065a') in 0.047582 seconds
  Import took 0.056573 seconds .

========================================================================
Received Import Request.
  Time since last request: 51.469068 seconds.
  path: Assets/Scenes/Planejamento.unity
  artifactKey: Guid(a3fbb7e652ccd3c4d943e537594c61a2) Importer(815301076,1909f56bfc062723c751e8b465ee728b)
Start importing Assets/Scenes/Planejamento.unity using Guid(a3fbb7e652ccd3c4d943e537594c61a2) Importer(815301076,1909f56bfc062723c751e8b465ee728b)  -> (artifact id: '317b1653bd53d6260c9b1046a6ece2ab') in 0.033099 seconds
  Import took 0.045108 seconds .

========================================================================
Received Import Request.
  Time since last request: 375.568973 seconds.
  path: Assets/Scenes/Avaliação.unity
  artifactKey: Guid(bfc5f70b9697e7d44bebd2a662f8cf5b) Importer(815301076,1909f56bfc062723c751e8b465ee728b)
Start importing Assets/Scenes/Avaliação.unity using Guid(bfc5f70b9697e7d44bebd2a662f8cf5b) Importer(815301076,1909f56bfc062723c751e8b465ee728b)  -> (artifact id: '385ec2e0b2bd566d3193eb31261a8b84') in 0.024506 seconds
  Import took 0.040034 seconds .

========================================================================
Received Prepare
Registering precompiled user dll's ...
Registered in 0.026699 seconds.
Begin MonoManager ReloadAssembly
Native extension for LinuxStandalone target not found
Native extension for WindowsStandalone target not found
Native extension for WebGL target not found
Refreshing native plugins compatible for Editor in 0.75 ms, found 2 plugins.
Preloading 0 native plugins for Editor in 0.00 ms.
Invoked RoslynAnalysisRunner static constructor.
RoslynAnalysisRunner will not be running.
RoslynAnalysisRunner has terminated.
Mono: successfully reloaded assembly
- Completed reload, in  2.809 seconds
Platform modules already initialized, skipping
Refreshing native plugins compatible for Editor in 0.97 ms, found 2 plugins.
Preloading 0 native plugins for Editor in 0.00 ms.
Unloading 2103 Unused Serialized files (Serialized files now loaded: 0)
System memory in use before: 97.8 MB.
System memory in use after: 97.8 MB.

Unloading 25 unused Assets to reduce memory usage. Loaded Objects now: 2572.
Total: 4.386900 ms (FindLiveObjects: 1.041300 ms CreateObjectMapping: 0.344400 ms MarkObjects: 2.844200 ms  DeleteObjects: 0.154400 ms)

========================================================================
Received Import Request.
  Time since last request: 15.094026 seconds.
  path: Assets/Scenes/Identificação.unity
  artifactKey: Guid(3f04a86d82056fa4f96a5449e28dea43) Importer(815301076,1909f56bfc062723c751e8b465ee728b)
Start importing Assets/Scenes/Identificação.unity using Guid(3f04a86d82056fa4f96a5449e28dea43) Importer(815301076,1909f56bfc062723c751e8b465ee728b)  -> (artifact id: '743e34d825ead4564804d5f359ec3d62') in 0.024192 seconds
  Import took 0.228511 seconds .

========================================================================
Received Import Request.
  Time since last request: 1.290110 seconds.
  path: Assets/Scenes/Planejamento.unity
  artifactKey: Guid(a3fbb7e652ccd3c4d943e537594c61a2) Importer(815301076,1909f56bfc062723c751e8b465ee728b)
Start importing Assets/Scenes/Planejamento.unity using Guid(a3fbb7e652ccd3c4d943e537594c61a2) Importer(815301076,1909f56bfc062723c751e8b465ee728b)  -> (artifact id: '32cf3424cdf4a6e4b43629113d30019b') in 0.018269 seconds
  Import took 0.390428 seconds .

========================================================================
Received Prepare
Registering precompiled user dll's ...
Registered in 0.029289 seconds.
Begin MonoManager ReloadAssembly
Native extension for LinuxStandalone target not found
Native extension for WindowsStandalone target not found
Native extension for WebGL target not found
Refreshing native plugins compatible for Editor in 3.81 ms, found 2 plugins.
Preloading 0 native plugins for Editor in 0.00 ms.
Invoked RoslynAnalysisRunner static constructor.
RoslynAnalysisRunner will not be running.
RoslynAnalysisRunner has terminated.
Mono: successfully reloaded assembly
- Completed reload, in 26.394 seconds
Platform modules already initialized, skipping
Refreshing native plugins compatible for Editor in 3.55 ms, found 2 plugins.
Preloading 0 native plugins for Editor in 0.00 ms.
Unloading 2103 Unused Serialized files (Serialized files now loaded: 0)
System memory in use before: 98.0 MB.
System memory in use after: 98.0 MB.

Unloading 25 unused Assets to reduce memory usage. Loaded Objects now: 2575.
Total: 29.971900 ms (FindLiveObjects: 13.289200 ms CreateObjectMapping: 0.471200 ms MarkObjects: 15.939800 ms  DeleteObjects: 0.268100 ms)

